<?xml version="1.0" encoding="UTF-8"?>
<!-- Generated by org.testng.reporters.JUnitReportReporter -->
<testsuite hostname="jsri" failures="0" tests="1" name="runner.LMSRestAssured_Runner" time="0.060" errors="0" timestamp="2023-07-21T15:16:31 EDT" skipped="0">
  <testcase classname="runner.LMSRestAssured_Runner" name="runScenario" time="0.060"/>
  <system-out/>
</testsuite> <!-- runner.LMSRestAssured_Runner -->
