<?xml version="1.0" encoding="UTF-8"?>
<!-- Generated by org.testng.reporters.JUnitReportReporter -->
<testsuite hostname="jsri" failures="0" tests="1" name="runner.LMSRestAssured_Runner" time="2.419" errors="0" timestamp="2023-07-22T18:50:52 EDT" skipped="0">
  <testcase classname="runner.LMSRestAssured_Runner" name="runScenario" time="2.419"/>
  <system-out/>
</testsuite> <!-- runner.LMSRestAssured_Runner -->
